<?xml version="1.0" encoding="UTF-8"?>
<!-- Generated by org.testng.reporters.JUnitReportReporter -->
<testsuite hostname="LAPTOP-PFU81U10" failures="0" tests="2" name="rahulshettyacademy.tests.SubmitOrderTest" time="16.226" errors="0" timestamp="2024-10-13T17:38:31 IST" skipped="0">
  <testcase classname="rahulshettyacademy.tests.SubmitOrderTest" name="submitOrder" time="7.778"/>
  <testcase classname="rahulshettyacademy.tests.SubmitOrderTest" name="submitOrder" time="8.448"/>
</testsuite> <!-- rahulshettyacademy.tests.SubmitOrderTest -->
