<?xml version="1.0" encoding="UTF-8"?>
<!-- Generated by org.testng.reporters.JUnitReportReporter -->
<testsuite hostname="LAPTOP-PFU81U10" failures="0" tests="1" name="rahulshettyacademy.tests.ErrorValidationsTest" time="4.220" errors="0" timestamp="2024-10-13T17:38:53 IST" skipped="0">
  <testcase classname="rahulshettyacademy.tests.ErrorValidationsTest" name="LoginErrorValidation" time="4.220"/>
</testsuite> <!-- rahulshettyacademy.tests.ErrorValidationsTest -->
